<?xml version="1.0" encoding="UTF-8"?>
<coverage generated="1685253338531" clover="3.2.0">
  <project timestamp="1685253338531" name="All files">
    <metrics statements="6" coveredstatements="6" conditionals="4" coveredconditionals="4" methods="2" coveredmethods="2" elements="12" coveredelements="12" complexity="0" loc="6" ncloc="6" packages="1" files="1" classes="1"/>
    <file name="ArraySearch.js" path="/home/saurabh/ParcelReactApp/React-Vite-Tailwind/src/components/ArraySearch.js">
      <metrics statements="6" coveredstatements="6" conditionals="4" coveredconditionals="4" methods="2" coveredmethods="2"/>
      <line num="3" count="1" type="stmt"/>
      <line num="4" count="2" type="stmt"/>
      <line num="5" count="2" type="stmt"/>
      <line num="7" count="12" type="cond" truecount="2" falsecount="0"/>
      <line num="8" count="1" type="stmt"/>
      <line num="18" count="2" type="cond" truecount="2" falsecount="0"/>
    </file>
  </project>
</coverage>
