{"/home/saurabh/ParcelReactApp/React-Vite-Tailwind/src/components/ArraySearch.js": {"path":"/home/saurabh/ParcelReactApp/React-Vite-Tailwind/src/components/ArraySearch.js","statementMap":{"0":{"start":{"line":3,"column":0},"end":{"line":20,"column":1}},"1":{"start":{"line":4,"column":16},"end":{"line":4,"column":21}},"2":{"start":{"line":5,"column":4},"end":{"line":10,"column":6}},"3":{"start":{"line":7,"column":8},"end":{"line":9,"column":9}},"4":{"start":{"line":8,"column":12},"end":{"line":8,"column":25}},"5":{"start":{"line":18,"column":4},"end":{"line":18,"column":29}}},"fnMap":{"0":{"name":"(anonymous_0)","decl":{"start":{"line":3,"column":28},"end":{"line":3,"column":29}},"loc":{"start":{"line":3,"column":44},"end":{"line":20,"column":1}},"line":3},"1":{"name":"(anonymous_1)","decl":{"start":{"line":5,"column":13},"end":{"line":5,"column":14}},"loc":{"start":{"line":5,"column":20},"end":{"line":10,"column":5}},"line":5}},"branchMap":{"0":{"loc":{"start":{"line":7,"column":8},"end":{"line":9,"column":9}},"type":"if","locations":[{"start":{"line":7,"column":8},"end":{"line":9,"column":9}},{"start":{},"end":{}}],"line":7},"1":{"loc":{"start":{"line":18,"column":11},"end":{"line":18,"column":28}},"type":"cond-expr","locations":[{"start":{"line":18,"column":19},"end":{"line":18,"column":25}},{"start":{"line":18,"column":26},"end":{"line":18,"column":28}}],"line":18}},"s":{"0":1,"1":2,"2":2,"3":12,"4":1,"5":2},"f":{"0":2,"1":12},"b":{"0":[1,11],"1":[1,1]},"_coverageSchema":"1a1c01bbd47fc00a2c39e90264f33305004495a9","hash":"1062800d9857fe430fd0ba75f388cbc9bdc36d2b"}
}
